{"uuid":"91574537-48aa-4836-b1eb-1f136d95095d","historyId":"e20ec3b423a3d3a33c86600a7bd5907c","fullName":"TestCases.TestCase.verifyDeliveryDateDisplayForValidPincodeUsingDataProvider","labels":[{"name":"package","value":"TestCases.TestCase"},{"name":"testClass","value":"TestCases.TestCase"},{"name":"testMethod","value":"verifyDeliveryDateDisplayForValidPincodeUsingDataProvider"},{"name":"parentSuite","value":"Default suite"},{"name":"suite","value":"Default test"},{"name":"subSuite","value":"TestCases.TestCase"},{"name":"host","value":"Nasa"},{"name":"thread","value":"23296@Nasa.main(1)"},{"name":"framework","value":"testng"},{"name":"language","value":"java"}],"links":[],"name":"verifyDeliveryDateDisplayForValidPincodeUsingDataProvider","status":"skipped","statusDetails":{"known":false,"muted":false,"flaky":false,"message":"java.io.FileNotFoundException: C:\\Users\\aksha\\eclipse-workspace\\Ajiosrc\\test\\resources\\pincodes.xlsx (The system cannot find the path specified)","trace":"java.lang.RuntimeException: java.io.FileNotFoundException: C:\\Users\\aksha\\eclipse-workspace\\Ajiosrc\\test\\resources\\pincodes.xlsx (The system cannot find the path specified)\r\n\tat org.testng.internal.MethodInvocationHelper.invokeMethodNoCheckedException(MethodInvocationHelper.java:50)\r\n\tat org.testng.internal.MethodInvocationHelper.invokeDataProvider(MethodInvocationHelper.java:146)\r\n\tat org.testng.internal.Parameters.handleParameters(Parameters.java:798)\r\n\tat org.testng.internal.Parameters.handleParameters(Parameters.java:740)\r\n\tat org.testng.internal.ParameterHandler.handleParameters(ParameterHandler.java:59)\r\n\tat org.testng.internal.ParameterHandler.createParameters(ParameterHandler.java:38)\r\n\tat org.testng.internal.TestInvoker$MethodInvocationAgent.invoke(TestInvoker.java:791)\r\n\tat org.testng.internal.TestInvoker.invokeTestMethods(TestInvoker.java:146)\r\n\tat org.testng.internal.TestMethodWorker.invokeTestMethods(TestMethodWorker.java:146)\r\n\tat org.testng.internal.TestMethodWorker.run(TestMethodWorker.java:128)\r\n\tat java.base/java.util.ArrayList.forEach(Unknown Source)\r\n\tat org.testng.TestRunner.privateRun(TestRunner.java:794)\r\n\tat org.testng.TestRunner.run(TestRunner.java:596)\r\n\tat org.testng.SuiteRunner.runTest(SuiteRunner.java:377)\r\n\tat org.testng.SuiteRunner.runSequentially(SuiteRunner.java:371)\r\n\tat org.testng.SuiteRunner.privateRun(SuiteRunner.java:332)\r\n\tat org.testng.SuiteRunner.run(SuiteRunner.java:276)\r\n\tat org.testng.SuiteRunnerWorker.runSuite(SuiteRunnerWorker.java:53)\r\n\tat org.testng.SuiteRunnerWorker.run(SuiteRunnerWorker.java:96)\r\n\tat org.testng.TestNG.runSuitesSequentially(TestNG.java:1212)\r\n\tat org.testng.TestNG.runSuitesLocally(TestNG.java:1134)\r\n\tat org.testng.TestNG.runSuites(TestNG.java:1063)\r\n\tat org.testng.TestNG.run(TestNG.java:1031)\r\n\tat org.testng.remote.AbstractRemoteTestNG.run(AbstractRemoteTestNG.java:115)\r\n\tat org.testng.remote.RemoteTestNG.initAndRun(RemoteTestNG.java:251)\r\n\tat org.testng.remote.RemoteTestNG.main(RemoteTestNG.java:77)\r\nCaused by: java.io.FileNotFoundException: C:\\Users\\aksha\\eclipse-workspace\\Ajiosrc\\test\\resources\\pincodes.xlsx (The system cannot find the path specified)\r\n\tat java.base/java.io.FileInputStream.open0(Native Method)\r\n\tat java.base/java.io.FileInputStream.open(Unknown Source)\r\n\tat java.base/java.io.FileInputStream.<init>(Unknown Source)\r\n\tat java.base/java.io.FileInputStream.<init>(Unknown Source)\r\n\tat dataProvider.ExcelTestData.pincodeDataForTest(ExcelTestData.java:22)\r\n\tat java.base/jdk.internal.reflect.NativeMethodAccessorImpl.invoke0(Native Method)\r\n\tat java.base/jdk.internal.reflect.NativeMethodAccessorImpl.invoke(Unknown Source)\r\n\tat java.base/jdk.internal.reflect.DelegatingMethodAccessorImpl.invoke(Unknown Source)\r\n\tat java.base/java.lang.reflect.Method.invoke(Unknown Source)\r\n\tat org.testng.internal.MethodInvocationHelper.invokeMethod(MethodInvocationHelper.java:133)\r\n\tat org.testng.internal.MethodInvocationHelper.invokeMethod(MethodInvocationHelper.java:77)\r\n\tat org.testng.internal.MethodInvocationHelper.invokeMethodNoCheckedException(MethodInvocationHelper.java:46)\r\n\t... 25 more\r\n"},"stage":"finished","steps":[],"attachments":[],"parameters":[],"start":1711777390826,"stop":1711777390832}